{"/home/anhdiepmmk/Documents/udemy/oops/javascript/proposal/grunt-demo/src/services/hello.service.js": {"path":"/home/anhdiepmmk/Documents/udemy/oops/javascript/proposal/grunt-demo/src/services/hello.service.js","statementMap":{"0":{"start":{"line":2,"column":2},"end":{"line":2,"column":23}},"1":{"start":{"line":5,"column":0},"end":{"line":7,"column":2}}},"fnMap":{"0":{"name":"sayHello","decl":{"start":{"line":1,"column":9},"end":{"line":1,"column":17}},"loc":{"start":{"line":1,"column":20},"end":{"line":3,"column":1}},"line":1}},"branchMap":{},"s":{"0":1,"1":1},"f":{"0":1},"b":{},"_coverageSchema":"1a1c01bbd47fc00a2c39e90264f33305004495a9","hash":"970e8736e18b879641f903cf64b6018058790999"}
,"/home/anhdiepmmk/Documents/udemy/oops/javascript/proposal/grunt-demo/src/services/world.service.js": {"path":"/home/anhdiepmmk/Documents/udemy/oops/javascript/proposal/grunt-demo/src/services/world.service.js","statementMap":{"0":{"start":{"line":2,"column":2},"end":{"line":2,"column":23}},"1":{"start":{"line":5,"column":0},"end":{"line":7,"column":2}}},"fnMap":{"0":{"name":"sayWorld","decl":{"start":{"line":1,"column":9},"end":{"line":1,"column":17}},"loc":{"start":{"line":1,"column":20},"end":{"line":3,"column":1}},"line":1}},"branchMap":{},"s":{"0":1,"1":1},"f":{"0":1},"b":{},"_coverageSchema":"1a1c01bbd47fc00a2c39e90264f33305004495a9","hash":"ada444bf2c4745f1b1da8422a593e995b86d3afe"}
}
